<?xml version="1.0" encoding="UTF-8"?>
<testsuite xmlns:xsi="http://www.w3.org/2001/XMLSchema-instance" xsi:noNamespaceSchemaLocation="https://maven.apache.org/surefire/maven-surefire-plugin/xsd/surefire-test-report-3.0.xsd" version="3.0" name="runner.TestRunner" time="1.13" tests="24" errors="0" skipped="0" failures="0">
  <properties>
    <property name="sun.desktop" value="windows"/>
    <property name="awt.toolkit" value="sun.awt.windows.WToolkit"/>
    <property name="file.encoding.pkg" value="sun.io"/>
    <property name="java.specification.version" value="1.8"/>
    <property name="sun.cpu.isalist" value="amd64"/>
    <property name="sun.jnu.encoding" value="Cp1252"/>
    <property name="java.class.path" value="E:\Eclipse Backup\eclpise_data\eclipse-workspace\CucumberPractice\target\test-classes;E:\Eclipse Backup\eclpise_data\eclipse-workspace\CucumberPractice\target\classes;C:\Users\Dell\.m2\repository\junit\junit\4.12\junit-4.12.jar;C:\Users\Dell\.m2\repository\org\hamcrest\hamcrest-core\1.3\hamcrest-core-1.3.jar;C:\Users\Dell\.m2\repository\info\cukes\cucumber-java\1.2.5\cucumber-java-1.2.5.jar;C:\Users\Dell\.m2\repository\info\cukes\cucumber-junit\1.2.5\cucumber-junit-1.2.5.jar;C:\Users\Dell\.m2\repository\info\cukes\cucumber-jvm-deps\1.0.5\cucumber-jvm-deps-1.0.5.jar;C:\Users\Dell\.m2\repository\net\masterthought\cucumber-reporting\3.10.0\cucumber-reporting-3.10.0.jar;C:\Users\Dell\.m2\repository\org\apache\logging\log4j\log4j-api\2.8.2\log4j-api-2.8.2.jar;C:\Users\Dell\.m2\repository\org\apache\logging\log4j\log4j-core\2.8.2\log4j-core-2.8.2.jar;C:\Users\Dell\.m2\repository\com\fasterxml\jackson\core\jackson-databind\2.8.6\jackson-databind-2.8.6.jar;C:\Users\Dell\.m2\repository\com\fasterxml\jackson\core\jackson-annotations\2.8.0\jackson-annotations-2.8.0.jar;C:\Users\Dell\.m2\repository\com\fasterxml\jackson\core\jackson-core\2.8.6\jackson-core-2.8.6.jar;C:\Users\Dell\.m2\repository\org\apache\velocity\velocity\1.7\velocity-1.7.jar;C:\Users\Dell\.m2\repository\commons-collections\commons-collections\3.2.1\commons-collections-3.2.1.jar;C:\Users\Dell\.m2\repository\commons-lang\commons-lang\2.4\commons-lang-2.4.jar;C:\Users\Dell\.m2\repository\velocity-tools\velocity-tools\1.4\velocity-tools-1.4.jar;C:\Users\Dell\.m2\repository\joda-time\joda-time\2.9.9\joda-time-2.9.9.jar;C:\Users\Dell\.m2\repository\org\apache\commons\commons-lang3\3.6\commons-lang3-3.6.jar;C:\Users\Dell\.m2\repository\commons-io\commons-io\2.5\commons-io-2.5.jar;C:\Users\Dell\.m2\repository\net\lingala\zip4j\zip4j\1.3.2\zip4j-1.3.2.jar;C:\Users\Dell\.m2\repository\org\codehaus\plexus\plexus-utils\3.0.24\plexus-utils-3.0.24.jar;C:\Users\Dell\.m2\repository\org\jsoup\jsoup\1.10.3\jsoup-1.10.3.jar;C:\Users\Dell\.m2\repository\com\googlecode\owasp-java-html-sanitizer\owasp-java-html-sanitizer\20170515.1\owasp-java-html-sanitizer-20170515.1.jar;C:\Users\Dell\.m2\repository\info\cukes\gherkin\2.12.2\gherkin-2.12.2.jar;C:\Users\Dell\.m2\repository\org\seleniumhq\selenium\selenium-chrome-driver\3.14.0\selenium-chrome-driver-3.14.0.jar;C:\Users\Dell\.m2\repository\org\seleniumhq\selenium\selenium-api\3.14.0\selenium-api-3.14.0.jar;C:\Users\Dell\.m2\repository\org\seleniumhq\selenium\selenium-remote-driver\3.14.0\selenium-remote-driver-3.14.0.jar;C:\Users\Dell\.m2\repository\net\bytebuddy\byte-buddy\1.8.15\byte-buddy-1.8.15.jar;C:\Users\Dell\.m2\repository\org\apache\commons\commons-exec\1.3\commons-exec-1.3.jar;C:\Users\Dell\.m2\repository\commons-codec\commons-codec\1.10\commons-codec-1.10.jar;C:\Users\Dell\.m2\repository\commons-logging\commons-logging\1.2\commons-logging-1.2.jar;C:\Users\Dell\.m2\repository\org\apache\httpcomponents\httpclient\4.5.5\httpclient-4.5.5.jar;C:\Users\Dell\.m2\repository\org\apache\httpcomponents\httpcore\4.4.9\httpcore-4.4.9.jar;C:\Users\Dell\.m2\repository\com\squareup\okhttp3\okhttp\3.10.0\okhttp-3.10.0.jar;C:\Users\Dell\.m2\repository\com\squareup\okio\okio\1.14.1\okio-1.14.1.jar;C:\Users\Dell\.m2\repository\info\cukes\cucumber-core\1.2.5\cucumber-core-1.2.5.jar;C:\Users\Dell\.m2\repository\info\cukes\cucumber-html\0.2.3\cucumber-html-0.2.3.jar;C:\Users\Dell\.m2\repository\com\google\guava\guava\23.0\guava-23.0.jar;C:\Users\Dell\.m2\repository\com\google\code\findbugs\jsr305\1.3.9\jsr305-1.3.9.jar;C:\Users\Dell\.m2\repository\com\google\errorprone\error_prone_annotations\2.0.18\error_prone_annotations-2.0.18.jar;C:\Users\Dell\.m2\repository\com\google\j2objc\j2objc-annotations\1.1\j2objc-annotations-1.1.jar;C:\Users\Dell\.m2\repository\org\codehaus\mojo\animal-sniffer-annotations\1.14\animal-sniffer-annotations-1.14.jar;C:\Users\Dell\.m2\repository\com\google\code\gson\gson\2.8.2\gson-2.8.2.jar;"/>
    <property name="java.vm.vendor" value="Oracle Corporation"/>
    <property name="sun.arch.data.model" value="64"/>
    <property name="user.variant" value=""/>
    <property name="java.vendor.url" value="http://java.oracle.com/"/>
    <property name="user.timezone" value="Asia/Calcutta"/>
    <property name="java.vm.specification.version" value="1.8"/>
    <property name="os.name" value="Windows 7"/>
    <property name="user.country" value="US"/>
    <property name="sun.java.launcher" value="SUN_STANDARD"/>
    <property name="sun.boot.library.path" value="C:\Program Files\Java\jdk1.8.0_251\jre\bin"/>
    <property name="sun.java.command" value="C:\Users\Dell\AppData\Local\Temp\surefire1672258860006350753\surefirebooter1159271377642413298.jar C:\Users\Dell\AppData\Local\Temp\surefire1672258860006350753 2020-07-06T06-42-02_021-jvmRun1 surefire6185980247676714095tmp surefire_01141201296161171873tmp"/>
    <property name="surefire.test.class.path" value="E:\Eclipse Backup\eclpise_data\eclipse-workspace\CucumberPractice\target\test-classes;E:\Eclipse Backup\eclpise_data\eclipse-workspace\CucumberPractice\target\classes;C:\Users\Dell\.m2\repository\junit\junit\4.12\junit-4.12.jar;C:\Users\Dell\.m2\repository\org\hamcrest\hamcrest-core\1.3\hamcrest-core-1.3.jar;C:\Users\Dell\.m2\repository\info\cukes\cucumber-java\1.2.5\cucumber-java-1.2.5.jar;C:\Users\Dell\.m2\repository\info\cukes\cucumber-junit\1.2.5\cucumber-junit-1.2.5.jar;C:\Users\Dell\.m2\repository\info\cukes\cucumber-jvm-deps\1.0.5\cucumber-jvm-deps-1.0.5.jar;C:\Users\Dell\.m2\repository\net\masterthought\cucumber-reporting\3.10.0\cucumber-reporting-3.10.0.jar;C:\Users\Dell\.m2\repository\org\apache\logging\log4j\log4j-api\2.8.2\log4j-api-2.8.2.jar;C:\Users\Dell\.m2\repository\org\apache\logging\log4j\log4j-core\2.8.2\log4j-core-2.8.2.jar;C:\Users\Dell\.m2\repository\com\fasterxml\jackson\core\jackson-databind\2.8.6\jackson-databind-2.8.6.jar;C:\Users\Dell\.m2\repository\com\fasterxml\jackson\core\jackson-annotations\2.8.0\jackson-annotations-2.8.0.jar;C:\Users\Dell\.m2\repository\com\fasterxml\jackson\core\jackson-core\2.8.6\jackson-core-2.8.6.jar;C:\Users\Dell\.m2\repository\org\apache\velocity\velocity\1.7\velocity-1.7.jar;C:\Users\Dell\.m2\repository\commons-collections\commons-collections\3.2.1\commons-collections-3.2.1.jar;C:\Users\Dell\.m2\repository\commons-lang\commons-lang\2.4\commons-lang-2.4.jar;C:\Users\Dell\.m2\repository\velocity-tools\velocity-tools\1.4\velocity-tools-1.4.jar;C:\Users\Dell\.m2\repository\joda-time\joda-time\2.9.9\joda-time-2.9.9.jar;C:\Users\Dell\.m2\repository\org\apache\commons\commons-lang3\3.6\commons-lang3-3.6.jar;C:\Users\Dell\.m2\repository\commons-io\commons-io\2.5\commons-io-2.5.jar;C:\Users\Dell\.m2\repository\net\lingala\zip4j\zip4j\1.3.2\zip4j-1.3.2.jar;C:\Users\Dell\.m2\repository\org\codehaus\plexus\plexus-utils\3.0.24\plexus-utils-3.0.24.jar;C:\Users\Dell\.m2\repository\org\jsoup\jsoup\1.10.3\jsoup-1.10.3.jar;C:\Users\Dell\.m2\repository\com\googlecode\owasp-java-html-sanitizer\owasp-java-html-sanitizer\20170515.1\owasp-java-html-sanitizer-20170515.1.jar;C:\Users\Dell\.m2\repository\info\cukes\gherkin\2.12.2\gherkin-2.12.2.jar;C:\Users\Dell\.m2\repository\org\seleniumhq\selenium\selenium-chrome-driver\3.14.0\selenium-chrome-driver-3.14.0.jar;C:\Users\Dell\.m2\repository\org\seleniumhq\selenium\selenium-api\3.14.0\selenium-api-3.14.0.jar;C:\Users\Dell\.m2\repository\org\seleniumhq\selenium\selenium-remote-driver\3.14.0\selenium-remote-driver-3.14.0.jar;C:\Users\Dell\.m2\repository\net\bytebuddy\byte-buddy\1.8.15\byte-buddy-1.8.15.jar;C:\Users\Dell\.m2\repository\org\apache\commons\commons-exec\1.3\commons-exec-1.3.jar;C:\Users\Dell\.m2\repository\commons-codec\commons-codec\1.10\commons-codec-1.10.jar;C:\Users\Dell\.m2\repository\commons-logging\commons-logging\1.2\commons-logging-1.2.jar;C:\Users\Dell\.m2\repository\org\apache\httpcomponents\httpclient\4.5.5\httpclient-4.5.5.jar;C:\Users\Dell\.m2\repository\org\apache\httpcomponents\httpcore\4.4.9\httpcore-4.4.9.jar;C:\Users\Dell\.m2\repository\com\squareup\okhttp3\okhttp\3.10.0\okhttp-3.10.0.jar;C:\Users\Dell\.m2\repository\com\squareup\okio\okio\1.14.1\okio-1.14.1.jar;C:\Users\Dell\.m2\repository\info\cukes\cucumber-core\1.2.5\cucumber-core-1.2.5.jar;C:\Users\Dell\.m2\repository\info\cukes\cucumber-html\0.2.3\cucumber-html-0.2.3.jar;C:\Users\Dell\.m2\repository\com\google\guava\guava\23.0\guava-23.0.jar;C:\Users\Dell\.m2\repository\com\google\code\findbugs\jsr305\1.3.9\jsr305-1.3.9.jar;C:\Users\Dell\.m2\repository\com\google\errorprone\error_prone_annotations\2.0.18\error_prone_annotations-2.0.18.jar;C:\Users\Dell\.m2\repository\com\google\j2objc\j2objc-annotations\1.1\j2objc-annotations-1.1.jar;C:\Users\Dell\.m2\repository\org\codehaus\mojo\animal-sniffer-annotations\1.14\animal-sniffer-annotations-1.14.jar;C:\Users\Dell\.m2\repository\com\google\code\gson\gson\2.8.2\gson-2.8.2.jar;"/>
    <property name="sun.cpu.endian" value="little"/>
    <property name="user.home" value="C:\Users\Dell"/>
    <property name="user.language" value="en"/>
    <property name="java.specification.vendor" value="Oracle Corporation"/>
    <property name="java.home" value="C:\Program Files\Java\jdk1.8.0_251\jre"/>
    <property name="basedir" value="E:\Eclipse Backup\eclpise_data\eclipse-workspace\CucumberPractice"/>
    <property name="file.separator" value="\"/>
    <property name="line.separator" value="&#10;"/>
    <property name="java.vm.specification.vendor" value="Oracle Corporation"/>
    <property name="java.specification.name" value="Java Platform API Specification"/>
    <property name="java.awt.graphicsenv" value="sun.awt.Win32GraphicsEnvironment"/>
    <property name="surefire.real.class.path" value="C:\Users\Dell\AppData\Local\Temp\surefire1672258860006350753\surefirebooter1159271377642413298.jar"/>
    <property name="sun.boot.class.path" value="C:\Program Files\Java\jdk1.8.0_251\jre\lib\resources.jar;C:\Program Files\Java\jdk1.8.0_251\jre\lib\rt.jar;C:\Program Files\Java\jdk1.8.0_251\jre\lib\sunrsasign.jar;C:\Program Files\Java\jdk1.8.0_251\jre\lib\jsse.jar;C:\Program Files\Java\jdk1.8.0_251\jre\lib\jce.jar;C:\Program Files\Java\jdk1.8.0_251\jre\lib\charsets.jar;C:\Program Files\Java\jdk1.8.0_251\jre\lib\jfr.jar;C:\Program Files\Java\jdk1.8.0_251\jre\classes"/>
    <property name="user.script" value=""/>
    <property name="sun.management.compiler" value="HotSpot 64-Bit Tiered Compilers"/>
    <property name="java.runtime.version" value="1.8.0_251-b08"/>
    <property name="user.name" value="Dell"/>
    <property name="path.separator" value=";"/>
    <property name="os.version" value="6.1"/>
    <property name="java.endorsed.dirs" value="C:\Program Files\Java\jdk1.8.0_251\jre\lib\endorsed"/>
    <property name="java.runtime.name" value="Java(TM) SE Runtime Environment"/>
    <property name="file.encoding" value="Cp1252"/>
    <property name="java.vm.name" value="Java HotSpot(TM) 64-Bit Server VM"/>
    <property name="localRepository" value="C:\Users\Dell\.m2\repository"/>
    <property name="java.vendor.url.bug" value="http://bugreport.sun.com/bugreport/"/>
    <property name="java.io.tmpdir" value="C:\Users\Dell\AppData\Local\Temp\"/>
    <property name="java.version" value="1.8.0_251"/>
    <property name="user.dir" value="E:\Eclipse Backup\eclpise_data\eclipse-workspace\CucumberPractice"/>
    <property name="os.arch" value="amd64"/>
    <property name="java.vm.specification.name" value="Java Virtual Machine Specification"/>
    <property name="java.awt.printerjob" value="sun.awt.windows.WPrinterJob"/>
    <property name="sun.os.patch.level" value="Service Pack 1"/>
    <property name="java.library.path" value="C:\Program Files\Java\jdk1.8.0_251\jre\bin;C:\Windows\Sun\Java\bin;C:\Windows\system32;C:\Windows;C:/Program Files/Java/jre1.8.0_251/bin/server;C:/Program Files/Java/jre1.8.0_251/bin;C:/Program Files/Java/jre1.8.0_251/lib/amd64;C:\Program Files (x86)\Common Files\Oracle\Java\javapath;C:\Windows\SYSTEM32;C:\Windows;C:\Windows\SYSTEM32\WBEM;C:\Windows\SYSTEM32\WINDOWSPOWERSHELL\V1.0\;;C:\PROGRAM FILES\INTEL\WIFI\BIN\;C:\PROGRAM FILES\COMMON FILES\INTEL\WIRELESSCOMMON\;C:\Program Files\WIDCOMM\Bluetooth Software\;C:\Program Files\WIDCOMM\Bluetooth Software\syswow64;C:\Program Files\Java\jdk1.8.0_251\bin;C:\Users\Dell\AppData\Local\Android\Sdk\tools;C:\Users\Dell\AppData\Local\Android\Sdk\tools\bin;C:\Program Files\nodejs\;C:\Program Files\nodejs\node_modules\npm\bin;;C:\Users\Dell\AppData\Local\Android\Sdk\platform-tools;C:\Users\Dell\AppData\Roaming\npm;E:\Eclipse Backup\eclipse;;."/>
    <property name="java.vm.info" value="mixed mode"/>
    <property name="java.vendor" value="Oracle Corporation"/>
    <property name="java.vm.version" value="25.251-b08"/>
    <property name="java.ext.dirs" value="C:\Program Files\Java\jdk1.8.0_251\jre\lib\ext;C:\Windows\Sun\Java\lib\ext"/>
    <property name="sun.io.unicode.encoding" value="UnicodeLittle"/>
    <property name="java.class.version" value="52.0"/>
  </properties>
  <testcase name="Given user hit &quot;www.google.com&quot; and land on login page" classname="| username1 | password1 |" time="0.007">
    <system-out><![CDATA[Feature: Login feature

  Scenario Outline: Login Test                             # src/test/java/features/Login.Feature:2
    Given user hit "www.google.com" and land on login page
    When user enter "<username>" and "<password>"
    And user click on login button
    Then user will land on loginhome page
    And validate below details

    Examples: 
Setup of webdriver




user hit ------>www.google.com
]]></system-out>
  </testcase>
  <testcase name="When user enter &quot;username1&quot; and &quot;password1&quot;" classname="| username1 | password1 |" time="0">
    <system-out><![CDATA[user enter--> username1 user enter--> password1
]]></system-out>
  </testcase>
  <testcase name="And user click on login button" classname="| username1 | password1 |" time="0">
    <system-out><![CDATA[User clicking on login button
]]></system-out>
  </testcase>
  <testcase name="Then user will land on loginhome page" classname="| username1 | password1 |" time="0">
    <system-out><![CDATA[User land on login home page
]]></system-out>
  </testcase>
  <testcase name="And validate below details" classname="| username1 | password1 |" time="0">
    <system-out><![CDATA[Vishal  444184
Shraddha  518649
Animesh  100100
Jagadeesh  200200
]]></system-out>
  </testcase>
  <testcase name="" classname="| username1 | password1 |" time="0.005">
    <system-out><![CDATA[

Teardown method





]]></system-out>
  </testcase>
  <testcase name="Given user hit &quot;www.google.com&quot; and land on login page" classname="| username2 | password2 |" time="0">
    <system-out><![CDATA[Setup of webdriver





  Scenario Outline: Login Test                             # src/test/java/features/Login.Feature:16
    Given user hit "www.google.com" and land on login page # LoginStepDefinition.user_hit_and_land_on_login_page(String)
    When user enter "username1" and "password1"            # LoginStepDefinition.user_enter_username_and_password(String,String)
    And user click on login button                         # LoginStepDefinition.user_click_on_login_button()
    Then user will land on loginhome page                  # LoginStepDefinition.user_will_land_on_loginhome_page()
    And validate below details                             # LoginStepDefinition.validate_below_details(DataTable)
user hit ------>www.google.com
]]></system-out>
  </testcase>
  <testcase name="When user enter &quot;username2&quot; and &quot;password2&quot;" classname="| username2 | password2 |" time="0">
    <system-out><![CDATA[user enter--> username2 user enter--> password2
]]></system-out>
  </testcase>
  <testcase name="And user click on login button" classname="| username2 | password2 |" time="0">
    <system-out><![CDATA[User clicking on login button
]]></system-out>
  </testcase>
  <testcase name="Then user will land on loginhome page" classname="| username2 | password2 |" time="0">
    <system-out><![CDATA[User land on login home page
]]></system-out>
  </testcase>
  <testcase name="And validate below details" classname="| username2 | password2 |" time="0">
    <system-out><![CDATA[Vishal  444184
Shraddha  518649
Animesh  100100
Jagadeesh  200200
]]></system-out>
  </testcase>
  <testcase name="" classname="| username2 | password2 |" time="0.001">
    <system-out><![CDATA[

Teardown method





]]></system-out>
  </testcase>
  <testcase name="Given user hit &quot;www.google.com&quot; and land on login page" classname="| username3 | password3 |" time="0">
    <system-out><![CDATA[Setup of webdriver





  Scenario Outline: Login Test                             # src/test/java/features/Login.Feature:17
    Given user hit "www.google.com" and land on login page # LoginStepDefinition.user_hit_and_land_on_login_page(String)
    When user enter "username2" and "password2"            # LoginStepDefinition.user_enter_username_and_password(String,String)
    And user click on login button                         # LoginStepDefinition.user_click_on_login_button()
    Then user will land on loginhome page                  # LoginStepDefinition.user_will_land_on_loginhome_page()
    And validate below details                             # LoginStepDefinition.validate_below_details(DataTable)
user hit ------>www.google.com
]]></system-out>
  </testcase>
  <testcase name="When user enter &quot;username3&quot; and &quot;password3&quot;" classname="| username3 | password3 |" time="0">
    <system-out><![CDATA[user enter--> username3 user enter--> password3
]]></system-out>
  </testcase>
  <testcase name="And user click on login button" classname="| username3 | password3 |" time="0">
    <system-out><![CDATA[User clicking on login button
]]></system-out>
  </testcase>
  <testcase name="Then user will land on loginhome page" classname="| username3 | password3 |" time="0">
    <system-out><![CDATA[User land on login home page
]]></system-out>
  </testcase>
  <testcase name="And validate below details" classname="| username3 | password3 |" time="0.001">
    <system-out><![CDATA[Vishal  444184
Shraddha  518649
Animesh  100100
Jagadeesh  200200
]]></system-out>
  </testcase>
  <testcase name="" classname="| username3 | password3 |" time="0.001">
    <system-out><![CDATA[

Teardown method





]]></system-out>
  </testcase>
  <testcase name="Given user hit &quot;www.google.com&quot; and land on login page" classname="| username4 | password4 |" time="0">
    <system-out><![CDATA[Setup of webdriver





  Scenario Outline: Login Test                             # src/test/java/features/Login.Feature:18
    Given user hit "www.google.com" and land on login page # LoginStepDefinition.user_hit_and_land_on_login_page(String)
    When user enter "username3" and "password3"            # LoginStepDefinition.user_enter_username_and_password(String,String)
    And user click on login button                         # LoginStepDefinition.user_click_on_login_button()
    Then user will land on loginhome page                  # LoginStepDefinition.user_will_land_on_loginhome_page()
    And validate below details                             # LoginStepDefinition.validate_below_details(DataTable)
user hit ------>www.google.com
]]></system-out>
  </testcase>
  <testcase name="When user enter &quot;username4&quot; and &quot;password4&quot;" classname="| username4 | password4 |" time="0">
    <system-out><![CDATA[user enter--> username4 user enter--> password4
]]></system-out>
  </testcase>
  <testcase name="And user click on login button" classname="| username4 | password4 |" time="0.001">
    <system-out><![CDATA[User clicking on login button
]]></system-out>
  </testcase>
  <testcase name="Then user will land on loginhome page" classname="| username4 | password4 |" time="0">
    <system-out><![CDATA[User land on login home page
]]></system-out>
  </testcase>
  <testcase name="And validate below details" classname="| username4 | password4 |" time="0">
    <system-out><![CDATA[Vishal  444184
Shraddha  518649
Animesh  100100
Jagadeesh  200200
]]></system-out>
  </testcase>
  <testcase name="" classname="| username4 | password4 |" time="0.012">
    <system-out><![CDATA[

Teardown method





]]></system-out>
  </testcase>
</testsuite>